This file contains any messages produced by compilers while
running configure, to aid debugging if configure makes a mistake.

It was created by MTK++ configure 0.2.0, which was
generated by GNU Autoconf 2.68.  Invocation command line was

  $ ./configure CXX=g++ CC=gcc QTDIR= CFLAGS=-fPIC -D_FILE_OFFSET_BITS=64 -D_LARGEFILE_SOURCE -DBINTRAJ -DHASGZ -DHASBZ2 CXXFLAGS=-fPIC --disable-shared --enable-static=yes --prefix=/mnt/home/users/ac_001_um/jorgedlpg/gromacs/amber14 --includedir=/mnt/home/users/ac_001_um/jorgedlpg/gromacs/amber14/include/mtkpp --with-boost=/mnt/home/users/ac_001_um/jorgedlpg/gromacs/amber14/AmberTools/src/boost-1.38.0

## --------- ##
## Platform. ##
## --------- ##

hostname = picasso
uname -m = x86_64
uname -r = 3.0.13-0.27-default
uname -s = Linux
uname -v = #1 SMP Wed Feb 15 13:33:49 UTC 2012 (d73692b)

/usr/bin/uname -p = unknown
/bin/uname -X     = unknown

/bin/arch              = x86_64
/usr/bin/arch -k       = unknown
/usr/convex/getsysinfo = unknown
/usr/bin/hostinfo      = unknown
/bin/machine           = unknown
/usr/bin/oslevel       = unknown
/bin/universe          = unknown

PATH: /mnt/home/soft/imagemagick/programs/x86_64/6.9.0-4/bin
PATH: /mnt/home/soft/webp/programs/x86_64/0.4.0/bin
PATH: /mnt/home/soft/python/programs/x86_64/bin
PATH: /mnt/home/soft/openbabel/programs/x86_64/2.3.2/bin
PATH: /usr/local/bin
PATH: /usr/bin
PATH: /bin
PATH: /usr/bin/X11
PATH: /usr/X11R6/bin
PATH: /usr/games
PATH: /opt/bin
PATH: /usr/lib/mit/bin
PATH: /usr/lib/mit/sbin
PATH: /mnt/home/soft/modules/programs/x86_64/scripts


## ----------- ##
## Core tests. ##
## ----------- ##

configure:2632: checking for a BSD-compatible install
configure:2700: result: /usr/bin/install -c
configure:2711: checking whether build environment is sane
configure:2761: result: yes
configure:2902: checking for a thread-safe mkdir -p
configure:2941: result: /bin/mkdir -p
configure:2954: checking for gawk
configure:2970: found /usr/bin/gawk
configure:2981: result: gawk
configure:2992: checking whether make sets $(MAKE)
configure:3014: result: yes
configure:3105: checking whether to enable maintainer-specific portions of Makefiles
configure:3114: result: no
configure:3248: checking for C++ compiler version
configure:3257: g++ --version >&5
g++ (SUSE Linux) 4.3.4 [gcc-4_3-branch revision 152973]
Copyright (C) 2008 Free Software Foundation, Inc.
This is free software; see the source for copying conditions.  There is NO
warranty; not even for MERCHANTABILITY or FITNESS FOR A PARTICULAR PURPOSE.

configure:3268: $? = 0
configure:3257: g++ -v >&5
Using built-in specs.
Target: x86_64-suse-linux
Configured with: ../configure --prefix=/usr --infodir=/usr/share/info --mandir=/usr/share/man --libdir=/usr/lib64 --libexecdir=/usr/lib64 --enable-languages=c,c++,objc,fortran,obj-c++,java,ada --enable-checking=release --with-gxx-include-dir=/usr/include/c++/4.3 --enable-ssp --disable-libssp --with-bugurl=http://bugs.opensuse.org/ --with-pkgversion='SUSE Linux' --disable-libgcj --disable-libmudflap --with-slibdir=/lib64 --with-system-zlib --enable-__cxa_atexit --enable-libstdcxx-allocator=new --disable-libstdcxx-pch --enable-version-specific-runtime-libs --program-suffix=-4.3 --enable-linux-futex --without-system-libunwind --with-cpu=generic --build=x86_64-suse-linux
Thread model: posix
gcc version 4.3.4 [gcc-4_3-branch revision 152973] (SUSE Linux) 
configure:3268: $? = 0
configure:3257: g++ -V >&5
g++: '-V' option must have argument
configure:3268: $? = 1
configure:3257: g++ -qversion >&5
g++: unrecognized option '-qversion'
g++: no input files
configure:3268: $? = 1
configure:3288: checking whether the C++ compiler works
configure:3310: g++ -fPIC   conftest.cpp  >&5
configure:3314: $? = 0
configure:3362: result: yes
configure:3365: checking for C++ compiler default output file name
configure:3367: result: a.out
configure:3373: checking for suffix of executables
configure:3380: g++ -o conftest -fPIC   conftest.cpp  >&5
configure:3384: $? = 0
configure:3406: result: 
configure:3428: checking whether we are cross compiling
configure:3436: g++ -o conftest -fPIC   conftest.cpp  >&5
configure:3440: $? = 0
configure:3447: ./conftest
configure:3451: $? = 0
configure:3466: result: no
configure:3471: checking for suffix of object files
configure:3493: g++ -c -fPIC  conftest.cpp >&5
configure:3497: $? = 0
configure:3518: result: o
configure:3522: checking whether we are using the GNU C++ compiler
configure:3541: g++ -c -fPIC  conftest.cpp >&5
configure:3541: $? = 0
configure:3550: result: yes
configure:3559: checking whether g++ accepts -g
configure:3579: g++ -c -g  conftest.cpp >&5
configure:3579: $? = 0
configure:3620: result: yes
configure:3654: checking for style of include used by make
configure:3682: result: GNU
configure:3707: checking dependency style of g++
configure:3817: result: gcc3
configure:3880: checking for gcc
configure:3907: result: gcc
configure:4136: checking for C compiler version
configure:4145: gcc --version >&5
gcc (SUSE Linux) 4.3.4 [gcc-4_3-branch revision 152973]
Copyright (C) 2008 Free Software Foundation, Inc.
This is free software; see the source for copying conditions.  There is NO
warranty; not even for MERCHANTABILITY or FITNESS FOR A PARTICULAR PURPOSE.

configure:4156: $? = 0
configure:4145: gcc -v >&5
Using built-in specs.
Target: x86_64-suse-linux
Configured with: ../configure --prefix=/usr --infodir=/usr/share/info --mandir=/usr/share/man --libdir=/usr/lib64 --libexecdir=/usr/lib64 --enable-languages=c,c++,objc,fortran,obj-c++,java,ada --enable-checking=release --with-gxx-include-dir=/usr/include/c++/4.3 --enable-ssp --disable-libssp --with-bugurl=http://bugs.opensuse.org/ --with-pkgversion='SUSE Linux' --disable-libgcj --disable-libmudflap --with-slibdir=/lib64 --with-system-zlib --enable-__cxa_atexit --enable-libstdcxx-allocator=new --disable-libstdcxx-pch --enable-version-specific-runtime-libs --program-suffix=-4.3 --enable-linux-futex --without-system-libunwind --with-cpu=generic --build=x86_64-suse-linux
Thread model: posix
gcc version 4.3.4 [gcc-4_3-branch revision 152973] (SUSE Linux) 
configure:4156: $? = 0
configure:4145: gcc -V >&5
gcc: '-V' option must have argument
configure:4156: $? = 1
configure:4145: gcc -qversion >&5
gcc: unrecognized option '-qversion'
gcc: no input files
configure:4156: $? = 1
configure:4160: checking whether we are using the GNU C compiler
configure:4179: gcc -c -fPIC -D_FILE_OFFSET_BITS=64 -D_LARGEFILE_SOURCE -DBINTRAJ -DHASGZ -DHASBZ2  conftest.c >&5
configure:4179: $? = 0
configure:4188: result: yes
configure:4197: checking whether gcc accepts -g
configure:4217: gcc -c -g  conftest.c >&5
configure:4217: $? = 0
configure:4258: result: yes
configure:4275: checking for gcc option to accept ISO C89
configure:4339: gcc  -c -fPIC -D_FILE_OFFSET_BITS=64 -D_LARGEFILE_SOURCE -DBINTRAJ -DHASGZ -DHASBZ2  conftest.c >&5
configure:4339: $? = 0
configure:4352: result: none needed
configure:4374: checking dependency style of gcc
configure:4484: result: gcc3
configure:4501: checking for swig
configure:4534: result: no
configure:4541: checking for python
configure:4559: found /mnt/home/soft/python/programs/x86_64/bin/python
configure:4571: result: /mnt/home/soft/python/programs/x86_64/bin/python
configure:4609: checking build system type
configure:4623: result: x86_64-unknown-linux-gnu
configure:4643: checking host system type
configure:4656: result: x86_64-unknown-linux-gnu
configure:4697: checking how to print strings
configure:4724: result: printf
configure:4745: checking for a sed that does not truncate output
configure:4809: result: /usr/bin/sed
configure:4827: checking for grep that handles long lines and -e
configure:4885: result: /usr/bin/grep
configure:4890: checking for egrep
configure:4952: result: /usr/bin/grep -E
configure:4957: checking for fgrep
configure:5019: result: /usr/bin/grep -F
configure:5054: checking for ld used by gcc
configure:5121: result: /usr/x86_64-suse-linux/bin/ld
configure:5128: checking if the linker (/usr/x86_64-suse-linux/bin/ld) is GNU ld
configure:5143: result: yes
configure:5155: checking for BSD- or MS-compatible name lister (nm)
configure:5204: result: /usr/bin/nm -B
configure:5334: checking the name lister (/usr/bin/nm -B) interface
configure:5341: g++ -c -fPIC  conftest.cpp >&5
configure:5344: /usr/bin/nm -B "conftest.o"
configure:5347: output
0000000000000000 B some_variable
configure:5354: result: BSD nm
configure:5357: checking whether ln -s works
configure:5361: result: yes
configure:5369: checking the maximum length of command line arguments
configure:5494: result: 1920000
configure:5511: checking whether the shell understands some XSI constructs
configure:5521: result: yes
configure:5525: checking whether the shell understands "+="
configure:5531: result: yes
configure:5566: checking how to convert x86_64-unknown-linux-gnu file names to x86_64-unknown-linux-gnu format
configure:5606: result: func_convert_file_noop
configure:5613: checking how to convert x86_64-unknown-linux-gnu file names to toolchain format
configure:5633: result: func_convert_file_noop
configure:5640: checking for /usr/x86_64-suse-linux/bin/ld option to reload object files
configure:5647: result: -r
configure:5721: checking for objdump
configure:5737: found /usr/bin/objdump
configure:5748: result: objdump
configure:5780: checking how to recognize dependent libraries
configure:5982: result: pass_all
configure:6067: checking for dlltool
configure:6097: result: no
configure:6127: checking how to associate runtime and link libraries
configure:6154: result: printf %s\n
configure:6215: checking for ar
configure:6231: found /usr/bin/ar
configure:6242: result: ar
configure:6279: checking for archiver @FILE support
configure:6296: g++ -c -fPIC  conftest.cpp >&5
configure:6296: $? = 0
configure:6299: ar cru libconftest.a @conftest.lst >&5
configure:6302: $? = 0
configure:6307: ar cru libconftest.a @conftest.lst >&5
ar: conftest.o: No such file or directory
configure:6310: $? = 1
configure:6322: result: @
configure:6380: checking for strip
configure:6396: found /usr/bin/strip
configure:6407: result: strip
configure:6479: checking for ranlib
configure:6495: found /usr/bin/ranlib
configure:6506: result: ranlib
configure:6608: checking command to parse /usr/bin/nm -B output from gcc object
configure:6727: g++ -c -fPIC  conftest.cpp >&5
configure:6730: $? = 0
configure:6734: /usr/bin/nm -B conftest.o \| sed -n -e 's/^.*[ ]\([ABCDGIRSTW][ABCDGIRSTW]*\)[ ][ ]*\([_A-Za-z][_A-Za-z0-9]*\)$/\1 \2 \2/p' | sed '/ __gnu_lto/d' \> conftest.nm
configure:6737: $? = 0
configure:6803: g++ -o conftest -fPIC   conftest.cpp conftstm.o >&5
configure:6806: $? = 0
configure:6844: result: ok
configure:6881: checking for sysroot
configure:6911: result: no
configure:6989: g++ -c -fPIC  conftest.cpp >&5
configure:6992: $? = 0
configure:7155: checking for mt
configure:7171: found /usr/bin/mt
configure:7182: result: mt
configure:7205: checking if mt is a manifest tool
configure:7211: mt '-?'
mt: invalid option -- ?
configure:7219: result: no
configure:7851: checking how to run the C preprocessor
configure:7882: gcc -E  conftest.c
configure:7882: $? = 0
configure:7896: gcc -E  conftest.c
conftest.c:11:28: error: ac_nonexistent.h: No such file or directory
configure:7896: $? = 1
configure: failed program was:
| /* confdefs.h */
| #define PACKAGE_NAME "MTK++"
| #define PACKAGE_TARNAME "MTKpp"
| #define PACKAGE_VERSION "0.2.0"
| #define PACKAGE_STRING "MTK++ 0.2.0"
| #define PACKAGE_BUGREPORT "martin.b.peters@gmail.com"
| #define PACKAGE_URL ""
| #define PACKAGE "MTKpp"
| #define VERSION "0.2.0"
| /* end confdefs.h.  */
| #include <ac_nonexistent.h>
configure:7921: result: gcc -E
configure:7941: gcc -E  conftest.c
configure:7941: $? = 0
configure:7955: gcc -E  conftest.c
conftest.c:11:28: error: ac_nonexistent.h: No such file or directory
configure:7955: $? = 1
configure: failed program was:
| /* confdefs.h */
| #define PACKAGE_NAME "MTK++"
| #define PACKAGE_TARNAME "MTKpp"
| #define PACKAGE_VERSION "0.2.0"
| #define PACKAGE_STRING "MTK++ 0.2.0"
| #define PACKAGE_BUGREPORT "martin.b.peters@gmail.com"
| #define PACKAGE_URL ""
| #define PACKAGE "MTKpp"
| #define VERSION "0.2.0"
| /* end confdefs.h.  */
| #include <ac_nonexistent.h>
configure:7984: checking for ANSI C header files
configure:8004: gcc -c -fPIC -D_FILE_OFFSET_BITS=64 -D_LARGEFILE_SOURCE -DBINTRAJ -DHASGZ -DHASBZ2  conftest.c >&5
configure:8004: $? = 0
configure:8077: gcc -o conftest -fPIC -D_FILE_OFFSET_BITS=64 -D_LARGEFILE_SOURCE -DBINTRAJ -DHASGZ -DHASBZ2   conftest.c  >&5
configure:8077: $? = 0
configure:8077: ./conftest
configure:8077: $? = 0
configure:8088: result: yes
configure:8101: checking for sys/types.h
configure:8101: gcc -c -fPIC -D_FILE_OFFSET_BITS=64 -D_LARGEFILE_SOURCE -DBINTRAJ -DHASGZ -DHASBZ2  conftest.c >&5
configure:8101: $? = 0
configure:8101: result: yes
configure:8101: checking for sys/stat.h
configure:8101: gcc -c -fPIC -D_FILE_OFFSET_BITS=64 -D_LARGEFILE_SOURCE -DBINTRAJ -DHASGZ -DHASBZ2  conftest.c >&5
configure:8101: $? = 0
configure:8101: result: yes
configure:8101: checking for stdlib.h
configure:8101: gcc -c -fPIC -D_FILE_OFFSET_BITS=64 -D_LARGEFILE_SOURCE -DBINTRAJ -DHASGZ -DHASBZ2  conftest.c >&5
configure:8101: $? = 0
configure:8101: result: yes
configure:8101: checking for string.h
configure:8101: gcc -c -fPIC -D_FILE_OFFSET_BITS=64 -D_LARGEFILE_SOURCE -DBINTRAJ -DHASGZ -DHASBZ2  conftest.c >&5
configure:8101: $? = 0
configure:8101: result: yes
configure:8101: checking for memory.h
configure:8101: gcc -c -fPIC -D_FILE_OFFSET_BITS=64 -D_LARGEFILE_SOURCE -DBINTRAJ -DHASGZ -DHASBZ2  conftest.c >&5
configure:8101: $? = 0
configure:8101: result: yes
configure:8101: checking for strings.h
configure:8101: gcc -c -fPIC -D_FILE_OFFSET_BITS=64 -D_LARGEFILE_SOURCE -DBINTRAJ -DHASGZ -DHASBZ2  conftest.c >&5
configure:8101: $? = 0
configure:8101: result: yes
configure:8101: checking for inttypes.h
configure:8101: gcc -c -fPIC -D_FILE_OFFSET_BITS=64 -D_LARGEFILE_SOURCE -DBINTRAJ -DHASGZ -DHASBZ2  conftest.c >&5
configure:8101: $? = 0
configure:8101: result: yes
configure:8101: checking for stdint.h
configure:8101: gcc -c -fPIC -D_FILE_OFFSET_BITS=64 -D_LARGEFILE_SOURCE -DBINTRAJ -DHASGZ -DHASBZ2  conftest.c >&5
configure:8101: $? = 0
configure:8101: result: yes
configure:8101: checking for unistd.h
configure:8101: gcc -c -fPIC -D_FILE_OFFSET_BITS=64 -D_LARGEFILE_SOURCE -DBINTRAJ -DHASGZ -DHASBZ2  conftest.c >&5
configure:8101: $? = 0
configure:8101: result: yes
configure:8115: checking for dlfcn.h
configure:8115: gcc -c -fPIC -D_FILE_OFFSET_BITS=64 -D_LARGEFILE_SOURCE -DBINTRAJ -DHASGZ -DHASBZ2  conftest.c >&5
configure:8115: $? = 0
configure:8115: result: yes
configure:8312: checking for objdir
configure:8327: result: .libs
configure:8594: checking if gcc supports -fno-rtti -fno-exceptions
configure:8612: gcc -c -fPIC -D_FILE_OFFSET_BITS=64 -D_LARGEFILE_SOURCE -DBINTRAJ -DHASGZ -DHASBZ2  -fno-rtti -fno-exceptions conftest.c >&5
cc1: warning: command line option "-fno-rtti" is valid for C++/ObjC++ but not for C
configure:8616: $? = 0
configure:8629: result: no
configure:8939: checking for gcc option to produce PIC
configure:8946: result: -fPIC -DPIC
configure:8954: checking if gcc PIC flag -fPIC -DPIC works
configure:8972: gcc -c -fPIC -D_FILE_OFFSET_BITS=64 -D_LARGEFILE_SOURCE -DBINTRAJ -DHASGZ -DHASBZ2  -fPIC -DPIC -DPIC conftest.c >&5
configure:8976: $? = 0
configure:8989: result: yes
configure:9018: checking if gcc static flag -static works
configure:9046: result: yes
configure:9061: checking if gcc supports -c -o file.o
configure:9082: gcc -c -fPIC -D_FILE_OFFSET_BITS=64 -D_LARGEFILE_SOURCE -DBINTRAJ -DHASGZ -DHASBZ2  -o out/conftest2.o conftest.c >&5
configure:9086: $? = 0
configure:9108: result: yes
configure:9116: checking if gcc supports -c -o file.o
configure:9163: result: yes
configure:9196: checking whether the gcc linker (/usr/x86_64-suse-linux/bin/ld -m elf_x86_64) supports shared libraries
configure:10354: result: yes
configure:10599: checking dynamic linker characteristics
configure:11113: gcc -o conftest -fPIC -D_FILE_OFFSET_BITS=64 -D_LARGEFILE_SOURCE -DBINTRAJ -DHASGZ -DHASBZ2   -Wl,-rpath -Wl,/foo conftest.c  >&5
configure:11113: $? = 0
configure:11335: result: GNU/Linux ld.so
configure:11442: checking how to hardcode library paths into programs
configure:11467: result: immediate
configure:12007: checking whether stripping libraries is possible
configure:12012: result: yes
configure:12047: checking if libtool supports shared libraries
configure:12049: result: yes
configure:12052: checking whether to build shared libraries
configure:12073: result: no
configure:12076: checking whether to build static libraries
configure:12080: result: yes
configure:12103: checking how to run the C++ preprocessor
configure:12130: g++ -E  conftest.cpp
configure:12130: $? = 0
configure:12144: g++ -E  conftest.cpp
conftest.cpp:23:28: error: ac_nonexistent.h: No such file or directory
configure:12144: $? = 1
configure: failed program was:
| /* confdefs.h */
| #define PACKAGE_NAME "MTK++"
| #define PACKAGE_TARNAME "MTKpp"
| #define PACKAGE_VERSION "0.2.0"
| #define PACKAGE_STRING "MTK++ 0.2.0"
| #define PACKAGE_BUGREPORT "martin.b.peters@gmail.com"
| #define PACKAGE_URL ""
| #define PACKAGE "MTKpp"
| #define VERSION "0.2.0"
| #define STDC_HEADERS 1
| #define HAVE_SYS_TYPES_H 1
| #define HAVE_SYS_STAT_H 1
| #define HAVE_STDLIB_H 1
| #define HAVE_STRING_H 1
| #define HAVE_MEMORY_H 1
| #define HAVE_STRINGS_H 1
| #define HAVE_INTTYPES_H 1
| #define HAVE_STDINT_H 1
| #define HAVE_UNISTD_H 1
| #define HAVE_DLFCN_H 1
| #define LT_OBJDIR ".libs/"
| /* end confdefs.h.  */
| #include <ac_nonexistent.h>
configure:12169: result: g++ -E
configure:12189: g++ -E  conftest.cpp
configure:12189: $? = 0
configure:12203: g++ -E  conftest.cpp
conftest.cpp:23:28: error: ac_nonexistent.h: No such file or directory
configure:12203: $? = 1
configure: failed program was:
| /* confdefs.h */
| #define PACKAGE_NAME "MTK++"
| #define PACKAGE_TARNAME "MTKpp"
| #define PACKAGE_VERSION "0.2.0"
| #define PACKAGE_STRING "MTK++ 0.2.0"
| #define PACKAGE_BUGREPORT "martin.b.peters@gmail.com"
| #define PACKAGE_URL ""
| #define PACKAGE "MTKpp"
| #define VERSION "0.2.0"
| #define STDC_HEADERS 1
| #define HAVE_SYS_TYPES_H 1
| #define HAVE_SYS_STAT_H 1
| #define HAVE_STDLIB_H 1
| #define HAVE_STRING_H 1
| #define HAVE_MEMORY_H 1
| #define HAVE_STRINGS_H 1
| #define HAVE_INTTYPES_H 1
| #define HAVE_STDINT_H 1
| #define HAVE_UNISTD_H 1
| #define HAVE_DLFCN_H 1
| #define LT_OBJDIR ".libs/"
| /* end confdefs.h.  */
| #include <ac_nonexistent.h>
configure:12373: checking for ld used by g++
configure:12440: result: /usr/x86_64-suse-linux/bin/ld -m elf_x86_64
configure:12447: checking if the linker (/usr/x86_64-suse-linux/bin/ld -m elf_x86_64) is GNU ld
configure:12462: result: yes
configure:12517: checking whether the g++ linker (/usr/x86_64-suse-linux/bin/ld -m elf_x86_64) supports shared libraries
configure:13521: result: yes
configure:13556: g++ -c -fPIC  conftest.cpp >&5
configure:13559: $? = 0
configure:14079: checking for g++ option to produce PIC
configure:14086: result: -fPIC -DPIC
configure:14094: checking if g++ PIC flag -fPIC -DPIC works
configure:14112: g++ -c -fPIC  -fPIC -DPIC -DPIC conftest.cpp >&5
configure:14116: $? = 0
configure:14129: result: yes
configure:14152: checking if g++ static flag -static works
configure:14180: result: yes
configure:14192: checking if g++ supports -c -o file.o
configure:14213: g++ -c -fPIC  -o out/conftest2.o conftest.cpp >&5
configure:14217: $? = 0
configure:14239: result: yes
configure:14244: checking if g++ supports -c -o file.o
configure:14291: result: yes
configure:14321: checking whether the g++ linker (/usr/x86_64-suse-linux/bin/ld -m elf_x86_64) supports shared libraries
configure:14355: result: yes
configure:14498: checking dynamic linker characteristics
configure:15168: result: GNU/Linux ld.so
configure:15221: checking how to hardcode library paths into programs
configure:15246: result: immediate
configure:15418: checking Boost version
configure:15432: result: 1-38
configure:15456: result: 
configure:15458: result: Cannot find log4cxx
configure:15460: result: 
configure:15492: checking for X
configure:15631: g++ -o conftest -fPIC -DNDEBUG   conftest.cpp -lX11  >&5
configure:15631: $? = 0
configure:15681: result: libraries , headers 
configure:15689: checking QTDIR
configure:15708: WARNING: QTDIR is not defined
configure:15987: result: 
configure:15989: result: Using TinyXML provided with MTK++ 
configure:15991: result: 
configure:16005: checking for doxygen
configure:16033: result: no
configure:16043: checking for latex
configure:16071: result: no
configure:16081: checking for dvips
configure:16109: result: no
configure:16119: checking for gs
configure:16135: found /usr/bin/gs
configure:16147: result: yes
configure:16157: checking for dot
configure:16173: found /usr/bin/dot
configure:16185: result: yes
configure:16269: checking for diff
configure:16285: found /usr/bin/diff
configure:16297: result: yes
configure:16318: checking for gcc option to accept ISO C99
configure:16467: g++ -c -fPIC -DNDEBUG -DUSE_TINYXML -DTIXML_USE_STL  conftest.cpp >&5
conftest.cpp:75: error: expected ',' or '...' before 'text'
conftest.cpp: In function 'int test_restrict(const char*)':
conftest.cpp:80: error: 'text' was not declared in this scope
conftest.cpp: In function 'int main()':
conftest.cpp:129: error: expected initializer before 'newvar'
conftest.cpp:137: error: invalid conversion from 'void*' to 'incomplete_array*'
conftest.cpp:144: error: expected primary-expression before '.' token
conftest.cpp:145: error: expected primary-expression before '.' token
conftest.cpp:146: error: expected primary-expression before '.' token
conftest.cpp:155: error: 'newvar' was not declared in this scope
configure:16467: $? = 1
configure: failed program was:
| /* confdefs.h */
| #define PACKAGE_NAME "MTK++"
| #define PACKAGE_TARNAME "MTKpp"
| #define PACKAGE_VERSION "0.2.0"
| #define PACKAGE_STRING "MTK++ 0.2.0"
| #define PACKAGE_BUGREPORT "martin.b.peters@gmail.com"
| #define PACKAGE_URL ""
| #define PACKAGE "MTKpp"
| #define VERSION "0.2.0"
| #define STDC_HEADERS 1
| #define HAVE_SYS_TYPES_H 1
| #define HAVE_SYS_STAT_H 1
| #define HAVE_STDLIB_H 1
| #define HAVE_STRING_H 1
| #define HAVE_MEMORY_H 1
| #define HAVE_STRINGS_H 1
| #define HAVE_INTTYPES_H 1
| #define HAVE_STDINT_H 1
| #define HAVE_UNISTD_H 1
| #define HAVE_DLFCN_H 1
| #define LT_OBJDIR ".libs/"
| #define USE_LOG4CXX 0
| #define USE_TINYXML 1
| /* end confdefs.h.  */
| #include <stdarg.h>
| #include <stdbool.h>
| #include <stdlib.h>
| #include <wchar.h>
| #include <stdio.h>
| 
| // Check varargs macros.  These examples are taken from C99 6.10.3.5.
| #define debug(...) fprintf (stderr, __VA_ARGS__)
| #define showlist(...) puts (#__VA_ARGS__)
| #define report(test,...) ((test) ? puts (#test) : printf (__VA_ARGS__))
| static void
| test_varargs_macros (void)
| {
|   int x = 1234;
|   int y = 5678;
|   debug ("Flag");
|   debug ("X = %d\n", x);
|   showlist (The first, second, and third items.);
|   report (x>y, "x is %d but y is %d", x, y);
| }
| 
| // Check long long types.
| #define BIG64 18446744073709551615ull
| #define BIG32 4294967295ul
| #define BIG_OK (BIG64 / BIG32 == 4294967297ull && BIG64 % BIG32 == 0)
| #if !BIG_OK
|   your preprocessor is broken;
| #endif
| #if BIG_OK
| #else
|   your preprocessor is broken;
| #endif
| static long long int bignum = -9223372036854775807LL;
| static unsigned long long int ubignum = BIG64;
| 
| struct incomplete_array
| {
|   int datasize;
|   double data[];
| };
| 
| struct named_init {
|   int number;
|   const wchar_t *name;
|   double average;
| };
| 
| typedef const char *ccp;
| 
| static inline int
| test_restrict (ccp restrict text)
| {
|   // See if C++-style comments work.
|   // Iterate through items via the restricted pointer.
|   // Also check for declarations in for loops.
|   for (unsigned int i = 0; *(text+i) != '\0'; ++i)
|     continue;
|   return 0;
| }
| 
| // Check varargs and va_copy.
| static void
| test_varargs (const char *format, ...)
| {
|   va_list args;
|   va_start (args, format);
|   va_list args_copy;
|   va_copy (args_copy, args);
| 
|   const char *str;
|   int number;
|   float fnumber;
| 
|   while (*format)
|     {
|       switch (*format++)
| 	{
| 	case 's': // string
| 	  str = va_arg (args_copy, const char *);
| 	  break;
| 	case 'd': // int
| 	  number = va_arg (args_copy, int);
| 	  break;
| 	case 'f': // float
| 	  fnumber = va_arg (args_copy, double);
| 	  break;
| 	default:
| 	  break;
| 	}
|     }
|   va_end (args_copy);
|   va_end (args);
| }
| 
| int
| main ()
| {
| 
|   // Check bool.
|   _Bool success = false;
| 
|   // Check restrict.
|   if (test_restrict ("String literal") == 0)
|     success = true;
|   char *restrict newvar = "Another string";
| 
|   // Check varargs.
|   test_varargs ("s, d' f .", "string", 65, 34.234);
|   test_varargs_macros ();
| 
|   // Check flexible array members.
|   struct incomplete_array *ia =
|     malloc (sizeof (struct incomplete_array) + (sizeof (double) * 10));
|   ia->datasize = 10;
|   for (int i = 0; i < ia->datasize; ++i)
|     ia->data[i] = i * 1.234;
| 
|   // Check named initializers.
|   struct named_init ni = {
|     .number = 34,
|     .name = L"Test wide string",
|     .average = 543.34343,
|   };
| 
|   ni.number = 58;
| 
|   int dynamic_array[ni.number];
|   dynamic_array[ni.number - 1] = 543;
| 
|   // work around unused variable warnings
|   return (!success || bignum == 0LL || ubignum == 0uLL || newvar[0] == 'x'
| 	  || dynamic_array[ni.number - 1] != 543);
| 
|   ;
|   return 0;
| }
configure:16467: g++ -c -fPIC -DNDEBUG -DUSE_TINYXML -DTIXML_USE_STL  conftest.cpp >&5
conftest.cpp:75: error: expected ',' or '...' before 'text'
conftest.cpp: In function 'int test_restrict(const char*)':
conftest.cpp:80: error: 'text' was not declared in this scope
conftest.cpp: In function 'int main()':
conftest.cpp:129: error: expected initializer before 'newvar'
conftest.cpp:137: error: invalid conversion from 'void*' to 'incomplete_array*'
conftest.cpp:144: error: expected primary-expression before '.' token
conftest.cpp:145: error: expected primary-expression before '.' token
conftest.cpp:146: error: expected primary-expression before '.' token
conftest.cpp:155: error: 'newvar' was not declared in this scope
configure:16467: $? = 1
configure: failed program was:
| /* confdefs.h */
| #define PACKAGE_NAME "MTK++"
| #define PACKAGE_TARNAME "MTKpp"
| #define PACKAGE_VERSION "0.2.0"
| #define PACKAGE_STRING "MTK++ 0.2.0"
| #define PACKAGE_BUGREPORT "martin.b.peters@gmail.com"
| #define PACKAGE_URL ""
| #define PACKAGE "MTKpp"
| #define VERSION "0.2.0"
| #define STDC_HEADERS 1
| #define HAVE_SYS_TYPES_H 1
| #define HAVE_SYS_STAT_H 1
| #define HAVE_STDLIB_H 1
| #define HAVE_STRING_H 1
| #define HAVE_MEMORY_H 1
| #define HAVE_STRINGS_H 1
| #define HAVE_INTTYPES_H 1
| #define HAVE_STDINT_H 1
| #define HAVE_UNISTD_H 1
| #define HAVE_DLFCN_H 1
| #define LT_OBJDIR ".libs/"
| #define USE_LOG4CXX 0
| #define USE_TINYXML 1
| /* end confdefs.h.  */
| #include <stdarg.h>
| #include <stdbool.h>
| #include <stdlib.h>
| #include <wchar.h>
| #include <stdio.h>
| 
| // Check varargs macros.  These examples are taken from C99 6.10.3.5.
| #define debug(...) fprintf (stderr, __VA_ARGS__)
| #define showlist(...) puts (#__VA_ARGS__)
| #define report(test,...) ((test) ? puts (#test) : printf (__VA_ARGS__))
| static void
| test_varargs_macros (void)
| {
|   int x = 1234;
|   int y = 5678;
|   debug ("Flag");
|   debug ("X = %d\n", x);
|   showlist (The first, second, and third items.);
|   report (x>y, "x is %d but y is %d", x, y);
| }
| 
| // Check long long types.
| #define BIG64 18446744073709551615ull
| #define BIG32 4294967295ul
| #define BIG_OK (BIG64 / BIG32 == 4294967297ull && BIG64 % BIG32 == 0)
| #if !BIG_OK
|   your preprocessor is broken;
| #endif
| #if BIG_OK
| #else
|   your preprocessor is broken;
| #endif
| static long long int bignum = -9223372036854775807LL;
| static unsigned long long int ubignum = BIG64;
| 
| struct incomplete_array
| {
|   int datasize;
|   double data[];
| };
| 
| struct named_init {
|   int number;
|   const wchar_t *name;
|   double average;
| };
| 
| typedef const char *ccp;
| 
| static inline int
| test_restrict (ccp restrict text)
| {
|   // See if C++-style comments work.
|   // Iterate through items via the restricted pointer.
|   // Also check for declarations in for loops.
|   for (unsigned int i = 0; *(text+i) != '\0'; ++i)
|     continue;
|   return 0;
| }
| 
| // Check varargs and va_copy.
| static void
| test_varargs (const char *format, ...)
| {
|   va_list args;
|   va_start (args, format);
|   va_list args_copy;
|   va_copy (args_copy, args);
| 
|   const char *str;
|   int number;
|   float fnumber;
| 
|   while (*format)
|     {
|       switch (*format++)
| 	{
| 	case 's': // string
| 	  str = va_arg (args_copy, const char *);
| 	  break;
| 	case 'd': // int
| 	  number = va_arg (args_copy, int);
| 	  break;
| 	case 'f': // float
| 	  fnumber = va_arg (args_copy, double);
| 	  break;
| 	default:
| 	  break;
| 	}
|     }
|   va_end (args_copy);
|   va_end (args);
| }
| 
| int
| main ()
| {
| 
|   // Check bool.
|   _Bool success = false;
| 
|   // Check restrict.
|   if (test_restrict ("String literal") == 0)
|     success = true;
|   char *restrict newvar = "Another string";
| 
|   // Check varargs.
|   test_varargs ("s, d' f .", "string", 65, 34.234);
|   test_varargs_macros ();
| 
|   // Check flexible array members.
|   struct incomplete_array *ia =
|     malloc (sizeof (struct incomplete_array) + (sizeof (double) * 10));
|   ia->datasize = 10;
|   for (int i = 0; i < ia->datasize; ++i)
|     ia->data[i] = i * 1.234;
| 
|   // Check named initializers.
|   struct named_init ni = {
|     .number = 34,
|     .name = L"Test wide string",
|     .average = 543.34343,
|   };
| 
|   ni.number = 58;
| 
|   int dynamic_array[ni.number];
|   dynamic_array[ni.number - 1] = 543;
| 
|   // work around unused variable warnings
|   return (!success || bignum == 0LL || ubignum == 0uLL || newvar[0] == 'x'
| 	  || dynamic_array[ni.number - 1] != 543);
| 
|   ;
|   return 0;
| }
configure:16467: g++ -c -fPIC -DNDEBUG -DUSE_TINYXML -DTIXML_USE_STL  conftest.cpp >&5
conftest.cpp:75: error: expected ',' or '...' before 'text'
conftest.cpp: In function 'int test_restrict(const char*)':
conftest.cpp:80: error: 'text' was not declared in this scope
conftest.cpp: In function 'int main()':
conftest.cpp:129: error: expected initializer before 'newvar'
conftest.cpp:137: error: invalid conversion from 'void*' to 'incomplete_array*'
conftest.cpp:144: error: expected primary-expression before '.' token
conftest.cpp:145: error: expected primary-expression before '.' token
conftest.cpp:146: error: expected primary-expression before '.' token
conftest.cpp:155: error: 'newvar' was not declared in this scope
configure:16467: $? = 1
configure: failed program was:
| /* confdefs.h */
| #define PACKAGE_NAME "MTK++"
| #define PACKAGE_TARNAME "MTKpp"
| #define PACKAGE_VERSION "0.2.0"
| #define PACKAGE_STRING "MTK++ 0.2.0"
| #define PACKAGE_BUGREPORT "martin.b.peters@gmail.com"
| #define PACKAGE_URL ""
| #define PACKAGE "MTKpp"
| #define VERSION "0.2.0"
| #define STDC_HEADERS 1
| #define HAVE_SYS_TYPES_H 1
| #define HAVE_SYS_STAT_H 1
| #define HAVE_STDLIB_H 1
| #define HAVE_STRING_H 1
| #define HAVE_MEMORY_H 1
| #define HAVE_STRINGS_H 1
| #define HAVE_INTTYPES_H 1
| #define HAVE_STDINT_H 1
| #define HAVE_UNISTD_H 1
| #define HAVE_DLFCN_H 1
| #define LT_OBJDIR ".libs/"
| #define USE_LOG4CXX 0
| #define USE_TINYXML 1
| /* end confdefs.h.  */
| #include <stdarg.h>
| #include <stdbool.h>
| #include <stdlib.h>
| #include <wchar.h>
| #include <stdio.h>
| 
| // Check varargs macros.  These examples are taken from C99 6.10.3.5.
| #define debug(...) fprintf (stderr, __VA_ARGS__)
| #define showlist(...) puts (#__VA_ARGS__)
| #define report(test,...) ((test) ? puts (#test) : printf (__VA_ARGS__))
| static void
| test_varargs_macros (void)
| {
|   int x = 1234;
|   int y = 5678;
|   debug ("Flag");
|   debug ("X = %d\n", x);
|   showlist (The first, second, and third items.);
|   report (x>y, "x is %d but y is %d", x, y);
| }
| 
| // Check long long types.
| #define BIG64 18446744073709551615ull
| #define BIG32 4294967295ul
| #define BIG_OK (BIG64 / BIG32 == 4294967297ull && BIG64 % BIG32 == 0)
| #if !BIG_OK
|   your preprocessor is broken;
| #endif
| #if BIG_OK
| #else
|   your preprocessor is broken;
| #endif
| static long long int bignum = -9223372036854775807LL;
| static unsigned long long int ubignum = BIG64;
| 
| struct incomplete_array
| {
|   int datasize;
|   double data[];
| };
| 
| struct named_init {
|   int number;
|   const wchar_t *name;
|   double average;
| };
| 
| typedef const char *ccp;
| 
| static inline int
| test_restrict (ccp restrict text)
| {
|   // See if C++-style comments work.
|   // Iterate through items via the restricted pointer.
|   // Also check for declarations in for loops.
|   for (unsigned int i = 0; *(text+i) != '\0'; ++i)
|     continue;
|   return 0;
| }
| 
| // Check varargs and va_copy.
| static void
| test_varargs (const char *format, ...)
| {
|   va_list args;
|   va_start (args, format);
|   va_list args_copy;
|   va_copy (args_copy, args);
| 
|   const char *str;
|   int number;
|   float fnumber;
| 
|   while (*format)
|     {
|       switch (*format++)
| 	{
| 	case 's': // string
| 	  str = va_arg (args_copy, const char *);
| 	  break;
| 	case 'd': // int
| 	  number = va_arg (args_copy, int);
| 	  break;
| 	case 'f': // float
| 	  fnumber = va_arg (args_copy, double);
| 	  break;
| 	default:
| 	  break;
| 	}
|     }
|   va_end (args_copy);
|   va_end (args);
| }
| 
| int
| main ()
| {
| 
|   // Check bool.
|   _Bool success = false;
| 
|   // Check restrict.
|   if (test_restrict ("String literal") == 0)
|     success = true;
|   char *restrict newvar = "Another string";
| 
|   // Check varargs.
|   test_varargs ("s, d' f .", "string", 65, 34.234);
|   test_varargs_macros ();
| 
|   // Check flexible array members.
|   struct incomplete_array *ia =
|     malloc (sizeof (struct incomplete_array) + (sizeof (double) * 10));
|   ia->datasize = 10;
|   for (int i = 0; i < ia->datasize; ++i)
|     ia->data[i] = i * 1.234;
| 
|   // Check named initializers.
|   struct named_init ni = {
|     .number = 34,
|     .name = L"Test wide string",
|     .average = 543.34343,
|   };
| 
|   ni.number = 58;
| 
|   int dynamic_array[ni.number];
|   dynamic_array[ni.number - 1] = 543;
| 
|   // work around unused variable warnings
|   return (!success || bignum == 0LL || ubignum == 0uLL || newvar[0] == 'x'
| 	  || dynamic_array[ni.number - 1] != 543);
| 
|   ;
|   return 0;
| }
configure:16467: g++ -c -fPIC -DNDEBUG -DUSE_TINYXML -DTIXML_USE_STL  conftest.cpp >&5
conftest.cpp:75: error: expected ',' or '...' before 'text'
conftest.cpp: In function 'int test_restrict(const char*)':
conftest.cpp:80: error: 'text' was not declared in this scope
conftest.cpp: In function 'int main()':
conftest.cpp:129: error: expected initializer before 'newvar'
conftest.cpp:137: error: invalid conversion from 'void*' to 'incomplete_array*'
conftest.cpp:144: error: expected primary-expression before '.' token
conftest.cpp:145: error: expected primary-expression before '.' token
conftest.cpp:146: error: expected primary-expression before '.' token
conftest.cpp:155: error: 'newvar' was not declared in this scope
configure:16467: $? = 1
configure: failed program was:
| /* confdefs.h */
| #define PACKAGE_NAME "MTK++"
| #define PACKAGE_TARNAME "MTKpp"
| #define PACKAGE_VERSION "0.2.0"
| #define PACKAGE_STRING "MTK++ 0.2.0"
| #define PACKAGE_BUGREPORT "martin.b.peters@gmail.com"
| #define PACKAGE_URL ""
| #define PACKAGE "MTKpp"
| #define VERSION "0.2.0"
| #define STDC_HEADERS 1
| #define HAVE_SYS_TYPES_H 1
| #define HAVE_SYS_STAT_H 1
| #define HAVE_STDLIB_H 1
| #define HAVE_STRING_H 1
| #define HAVE_MEMORY_H 1
| #define HAVE_STRINGS_H 1
| #define HAVE_INTTYPES_H 1
| #define HAVE_STDINT_H 1
| #define HAVE_UNISTD_H 1
| #define HAVE_DLFCN_H 1
| #define LT_OBJDIR ".libs/"
| #define USE_LOG4CXX 0
| #define USE_TINYXML 1
| /* end confdefs.h.  */
| #include <stdarg.h>
| #include <stdbool.h>
| #include <stdlib.h>
| #include <wchar.h>
| #include <stdio.h>
| 
| // Check varargs macros.  These examples are taken from C99 6.10.3.5.
| #define debug(...) fprintf (stderr, __VA_ARGS__)
| #define showlist(...) puts (#__VA_ARGS__)
| #define report(test,...) ((test) ? puts (#test) : printf (__VA_ARGS__))
| static void
| test_varargs_macros (void)
| {
|   int x = 1234;
|   int y = 5678;
|   debug ("Flag");
|   debug ("X = %d\n", x);
|   showlist (The first, second, and third items.);
|   report (x>y, "x is %d but y is %d", x, y);
| }
| 
| // Check long long types.
| #define BIG64 18446744073709551615ull
| #define BIG32 4294967295ul
| #define BIG_OK (BIG64 / BIG32 == 4294967297ull && BIG64 % BIG32 == 0)
| #if !BIG_OK
|   your preprocessor is broken;
| #endif
| #if BIG_OK
| #else
|   your preprocessor is broken;
| #endif
| static long long int bignum = -9223372036854775807LL;
| static unsigned long long int ubignum = BIG64;
| 
| struct incomplete_array
| {
|   int datasize;
|   double data[];
| };
| 
| struct named_init {
|   int number;
|   const wchar_t *name;
|   double average;
| };
| 
| typedef const char *ccp;
| 
| static inline int
| test_restrict (ccp restrict text)
| {
|   // See if C++-style comments work.
|   // Iterate through items via the restricted pointer.
|   // Also check for declarations in for loops.
|   for (unsigned int i = 0; *(text+i) != '\0'; ++i)
|     continue;
|   return 0;
| }
| 
| // Check varargs and va_copy.
| static void
| test_varargs (const char *format, ...)
| {
|   va_list args;
|   va_start (args, format);
|   va_list args_copy;
|   va_copy (args_copy, args);
| 
|   const char *str;
|   int number;
|   float fnumber;
| 
|   while (*format)
|     {
|       switch (*format++)
| 	{
| 	case 's': // string
| 	  str = va_arg (args_copy, const char *);
| 	  break;
| 	case 'd': // int
| 	  number = va_arg (args_copy, int);
| 	  break;
| 	case 'f': // float
| 	  fnumber = va_arg (args_copy, double);
| 	  break;
| 	default:
| 	  break;
| 	}
|     }
|   va_end (args_copy);
|   va_end (args);
| }
| 
| int
| main ()
| {
| 
|   // Check bool.
|   _Bool success = false;
| 
|   // Check restrict.
|   if (test_restrict ("String literal") == 0)
|     success = true;
|   char *restrict newvar = "Another string";
| 
|   // Check varargs.
|   test_varargs ("s, d' f .", "string", 65, 34.234);
|   test_varargs_macros ();
| 
|   // Check flexible array members.
|   struct incomplete_array *ia =
|     malloc (sizeof (struct incomplete_array) + (sizeof (double) * 10));
|   ia->datasize = 10;
|   for (int i = 0; i < ia->datasize; ++i)
|     ia->data[i] = i * 1.234;
| 
|   // Check named initializers.
|   struct named_init ni = {
|     .number = 34,
|     .name = L"Test wide string",
|     .average = 543.34343,
|   };
| 
|   ni.number = 58;
| 
|   int dynamic_array[ni.number];
|   dynamic_array[ni.number - 1] = 543;
| 
|   // work around unused variable warnings
|   return (!success || bignum == 0LL || ubignum == 0uLL || newvar[0] == 'x'
| 	  || dynamic_array[ni.number - 1] != 543);
| 
|   ;
|   return 0;
| }
configure:16467: g++ -c -fPIC -DNDEBUG -DUSE_TINYXML -DTIXML_USE_STL  conftest.cpp >&5
conftest.cpp:75: error: expected ',' or '...' before 'text'
conftest.cpp: In function 'int test_restrict(const char*)':
conftest.cpp:80: error: 'text' was not declared in this scope
conftest.cpp: In function 'int main()':
conftest.cpp:129: error: expected initializer before 'newvar'
conftest.cpp:137: error: invalid conversion from 'void*' to 'incomplete_array*'
conftest.cpp:144: error: expected primary-expression before '.' token
conftest.cpp:145: error: expected primary-expression before '.' token
conftest.cpp:146: error: expected primary-expression before '.' token
conftest.cpp:155: error: 'newvar' was not declared in this scope
configure:16467: $? = 1
configure: failed program was:
| /* confdefs.h */
| #define PACKAGE_NAME "MTK++"
| #define PACKAGE_TARNAME "MTKpp"
| #define PACKAGE_VERSION "0.2.0"
| #define PACKAGE_STRING "MTK++ 0.2.0"
| #define PACKAGE_BUGREPORT "martin.b.peters@gmail.com"
| #define PACKAGE_URL ""
| #define PACKAGE "MTKpp"
| #define VERSION "0.2.0"
| #define STDC_HEADERS 1
| #define HAVE_SYS_TYPES_H 1
| #define HAVE_SYS_STAT_H 1
| #define HAVE_STDLIB_H 1
| #define HAVE_STRING_H 1
| #define HAVE_MEMORY_H 1
| #define HAVE_STRINGS_H 1
| #define HAVE_INTTYPES_H 1
| #define HAVE_STDINT_H 1
| #define HAVE_UNISTD_H 1
| #define HAVE_DLFCN_H 1
| #define LT_OBJDIR ".libs/"
| #define USE_LOG4CXX 0
| #define USE_TINYXML 1
| /* end confdefs.h.  */
| #include <stdarg.h>
| #include <stdbool.h>
| #include <stdlib.h>
| #include <wchar.h>
| #include <stdio.h>
| 
| // Check varargs macros.  These examples are taken from C99 6.10.3.5.
| #define debug(...) fprintf (stderr, __VA_ARGS__)
| #define showlist(...) puts (#__VA_ARGS__)
| #define report(test,...) ((test) ? puts (#test) : printf (__VA_ARGS__))
| static void
| test_varargs_macros (void)
| {
|   int x = 1234;
|   int y = 5678;
|   debug ("Flag");
|   debug ("X = %d\n", x);
|   showlist (The first, second, and third items.);
|   report (x>y, "x is %d but y is %d", x, y);
| }
| 
| // Check long long types.
| #define BIG64 18446744073709551615ull
| #define BIG32 4294967295ul
| #define BIG_OK (BIG64 / BIG32 == 4294967297ull && BIG64 % BIG32 == 0)
| #if !BIG_OK
|   your preprocessor is broken;
| #endif
| #if BIG_OK
| #else
|   your preprocessor is broken;
| #endif
| static long long int bignum = -9223372036854775807LL;
| static unsigned long long int ubignum = BIG64;
| 
| struct incomplete_array
| {
|   int datasize;
|   double data[];
| };
| 
| struct named_init {
|   int number;
|   const wchar_t *name;
|   double average;
| };
| 
| typedef const char *ccp;
| 
| static inline int
| test_restrict (ccp restrict text)
| {
|   // See if C++-style comments work.
|   // Iterate through items via the restricted pointer.
|   // Also check for declarations in for loops.
|   for (unsigned int i = 0; *(text+i) != '\0'; ++i)
|     continue;
|   return 0;
| }
| 
| // Check varargs and va_copy.
| static void
| test_varargs (const char *format, ...)
| {
|   va_list args;
|   va_start (args, format);
|   va_list args_copy;
|   va_copy (args_copy, args);
| 
|   const char *str;
|   int number;
|   float fnumber;
| 
|   while (*format)
|     {
|       switch (*format++)
| 	{
| 	case 's': // string
| 	  str = va_arg (args_copy, const char *);
| 	  break;
| 	case 'd': // int
| 	  number = va_arg (args_copy, int);
| 	  break;
| 	case 'f': // float
| 	  fnumber = va_arg (args_copy, double);
| 	  break;
| 	default:
| 	  break;
| 	}
|     }
|   va_end (args_copy);
|   va_end (args);
| }
| 
| int
| main ()
| {
| 
|   // Check bool.
|   _Bool success = false;
| 
|   // Check restrict.
|   if (test_restrict ("String literal") == 0)
|     success = true;
|   char *restrict newvar = "Another string";
| 
|   // Check varargs.
|   test_varargs ("s, d' f .", "string", 65, 34.234);
|   test_varargs_macros ();
| 
|   // Check flexible array members.
|   struct incomplete_array *ia =
|     malloc (sizeof (struct incomplete_array) + (sizeof (double) * 10));
|   ia->datasize = 10;
|   for (int i = 0; i < ia->datasize; ++i)
|     ia->data[i] = i * 1.234;
| 
|   // Check named initializers.
|   struct named_init ni = {
|     .number = 34,
|     .name = L"Test wide string",
|     .average = 543.34343,
|   };
| 
|   ni.number = 58;
| 
|   int dynamic_array[ni.number];
|   dynamic_array[ni.number - 1] = 543;
| 
|   // work around unused variable warnings
|   return (!success || bignum == 0LL || ubignum == 0uLL || newvar[0] == 'x'
| 	  || dynamic_array[ni.number - 1] != 543);
| 
|   ;
|   return 0;
| }
configure:16467: g++ -c -fPIC -DNDEBUG -DUSE_TINYXML -DTIXML_USE_STL  conftest.cpp >&5
conftest.cpp:75: error: expected ',' or '...' before 'text'
conftest.cpp: In function 'int test_restrict(const char*)':
conftest.cpp:80: error: 'text' was not declared in this scope
conftest.cpp: In function 'int main()':
conftest.cpp:129: error: expected initializer before 'newvar'
conftest.cpp:137: error: invalid conversion from 'void*' to 'incomplete_array*'
conftest.cpp:144: error: expected primary-expression before '.' token
conftest.cpp:145: error: expected primary-expression before '.' token
conftest.cpp:146: error: expected primary-expression before '.' token
conftest.cpp:155: error: 'newvar' was not declared in this scope
configure:16467: $? = 1
configure: failed program was:
| /* confdefs.h */
| #define PACKAGE_NAME "MTK++"
| #define PACKAGE_TARNAME "MTKpp"
| #define PACKAGE_VERSION "0.2.0"
| #define PACKAGE_STRING "MTK++ 0.2.0"
| #define PACKAGE_BUGREPORT "martin.b.peters@gmail.com"
| #define PACKAGE_URL ""
| #define PACKAGE "MTKpp"
| #define VERSION "0.2.0"
| #define STDC_HEADERS 1
| #define HAVE_SYS_TYPES_H 1
| #define HAVE_SYS_STAT_H 1
| #define HAVE_STDLIB_H 1
| #define HAVE_STRING_H 1
| #define HAVE_MEMORY_H 1
| #define HAVE_STRINGS_H 1
| #define HAVE_INTTYPES_H 1
| #define HAVE_STDINT_H 1
| #define HAVE_UNISTD_H 1
| #define HAVE_DLFCN_H 1
| #define LT_OBJDIR ".libs/"
| #define USE_LOG4CXX 0
| #define USE_TINYXML 1
| /* end confdefs.h.  */
| #include <stdarg.h>
| #include <stdbool.h>
| #include <stdlib.h>
| #include <wchar.h>
| #include <stdio.h>
| 
| // Check varargs macros.  These examples are taken from C99 6.10.3.5.
| #define debug(...) fprintf (stderr, __VA_ARGS__)
| #define showlist(...) puts (#__VA_ARGS__)
| #define report(test,...) ((test) ? puts (#test) : printf (__VA_ARGS__))
| static void
| test_varargs_macros (void)
| {
|   int x = 1234;
|   int y = 5678;
|   debug ("Flag");
|   debug ("X = %d\n", x);
|   showlist (The first, second, and third items.);
|   report (x>y, "x is %d but y is %d", x, y);
| }
| 
| // Check long long types.
| #define BIG64 18446744073709551615ull
| #define BIG32 4294967295ul
| #define BIG_OK (BIG64 / BIG32 == 4294967297ull && BIG64 % BIG32 == 0)
| #if !BIG_OK
|   your preprocessor is broken;
| #endif
| #if BIG_OK
| #else
|   your preprocessor is broken;
| #endif
| static long long int bignum = -9223372036854775807LL;
| static unsigned long long int ubignum = BIG64;
| 
| struct incomplete_array
| {
|   int datasize;
|   double data[];
| };
| 
| struct named_init {
|   int number;
|   const wchar_t *name;
|   double average;
| };
| 
| typedef const char *ccp;
| 
| static inline int
| test_restrict (ccp restrict text)
| {
|   // See if C++-style comments work.
|   // Iterate through items via the restricted pointer.
|   // Also check for declarations in for loops.
|   for (unsigned int i = 0; *(text+i) != '\0'; ++i)
|     continue;
|   return 0;
| }
| 
| // Check varargs and va_copy.
| static void
| test_varargs (const char *format, ...)
| {
|   va_list args;
|   va_start (args, format);
|   va_list args_copy;
|   va_copy (args_copy, args);
| 
|   const char *str;
|   int number;
|   float fnumber;
| 
|   while (*format)
|     {
|       switch (*format++)
| 	{
| 	case 's': // string
| 	  str = va_arg (args_copy, const char *);
| 	  break;
| 	case 'd': // int
| 	  number = va_arg (args_copy, int);
| 	  break;
| 	case 'f': // float
| 	  fnumber = va_arg (args_copy, double);
| 	  break;
| 	default:
| 	  break;
| 	}
|     }
|   va_end (args_copy);
|   va_end (args);
| }
| 
| int
| main ()
| {
| 
|   // Check bool.
|   _Bool success = false;
| 
|   // Check restrict.
|   if (test_restrict ("String literal") == 0)
|     success = true;
|   char *restrict newvar = "Another string";
| 
|   // Check varargs.
|   test_varargs ("s, d' f .", "string", 65, 34.234);
|   test_varargs_macros ();
| 
|   // Check flexible array members.
|   struct incomplete_array *ia =
|     malloc (sizeof (struct incomplete_array) + (sizeof (double) * 10));
|   ia->datasize = 10;
|   for (int i = 0; i < ia->datasize; ++i)
|     ia->data[i] = i * 1.234;
| 
|   // Check named initializers.
|   struct named_init ni = {
|     .number = 34,
|     .name = L"Test wide string",
|     .average = 543.34343,
|   };
| 
|   ni.number = 58;
| 
|   int dynamic_array[ni.number];
|   dynamic_array[ni.number - 1] = 543;
| 
|   // work around unused variable warnings
|   return (!success || bignum == 0LL || ubignum == 0uLL || newvar[0] == 'x'
| 	  || dynamic_array[ni.number - 1] != 543);
| 
|   ;
|   return 0;
| }
configure:16467: g++ -c -fPIC -DNDEBUG -DUSE_TINYXML -DTIXML_USE_STL  conftest.cpp >&5
conftest.cpp:75: error: expected ',' or '...' before 'text'
conftest.cpp: In function 'int test_restrict(const char*)':
conftest.cpp:80: error: 'text' was not declared in this scope
conftest.cpp: In function 'int main()':
conftest.cpp:129: error: expected initializer before 'newvar'
conftest.cpp:137: error: invalid conversion from 'void*' to 'incomplete_array*'
conftest.cpp:144: error: expected primary-expression before '.' token
conftest.cpp:145: error: expected primary-expression before '.' token
conftest.cpp:146: error: expected primary-expression before '.' token
conftest.cpp:155: error: 'newvar' was not declared in this scope
configure:16467: $? = 1
configure: failed program was:
| /* confdefs.h */
| #define PACKAGE_NAME "MTK++"
| #define PACKAGE_TARNAME "MTKpp"
| #define PACKAGE_VERSION "0.2.0"
| #define PACKAGE_STRING "MTK++ 0.2.0"
| #define PACKAGE_BUGREPORT "martin.b.peters@gmail.com"
| #define PACKAGE_URL ""
| #define PACKAGE "MTKpp"
| #define VERSION "0.2.0"
| #define STDC_HEADERS 1
| #define HAVE_SYS_TYPES_H 1
| #define HAVE_SYS_STAT_H 1
| #define HAVE_STDLIB_H 1
| #define HAVE_STRING_H 1
| #define HAVE_MEMORY_H 1
| #define HAVE_STRINGS_H 1
| #define HAVE_INTTYPES_H 1
| #define HAVE_STDINT_H 1
| #define HAVE_UNISTD_H 1
| #define HAVE_DLFCN_H 1
| #define LT_OBJDIR ".libs/"
| #define USE_LOG4CXX 0
| #define USE_TINYXML 1
| /* end confdefs.h.  */
| #include <stdarg.h>
| #include <stdbool.h>
| #include <stdlib.h>
| #include <wchar.h>
| #include <stdio.h>
| 
| // Check varargs macros.  These examples are taken from C99 6.10.3.5.
| #define debug(...) fprintf (stderr, __VA_ARGS__)
| #define showlist(...) puts (#__VA_ARGS__)
| #define report(test,...) ((test) ? puts (#test) : printf (__VA_ARGS__))
| static void
| test_varargs_macros (void)
| {
|   int x = 1234;
|   int y = 5678;
|   debug ("Flag");
|   debug ("X = %d\n", x);
|   showlist (The first, second, and third items.);
|   report (x>y, "x is %d but y is %d", x, y);
| }
| 
| // Check long long types.
| #define BIG64 18446744073709551615ull
| #define BIG32 4294967295ul
| #define BIG_OK (BIG64 / BIG32 == 4294967297ull && BIG64 % BIG32 == 0)
| #if !BIG_OK
|   your preprocessor is broken;
| #endif
| #if BIG_OK
| #else
|   your preprocessor is broken;
| #endif
| static long long int bignum = -9223372036854775807LL;
| static unsigned long long int ubignum = BIG64;
| 
| struct incomplete_array
| {
|   int datasize;
|   double data[];
| };
| 
| struct named_init {
|   int number;
|   const wchar_t *name;
|   double average;
| };
| 
| typedef const char *ccp;
| 
| static inline int
| test_restrict (ccp restrict text)
| {
|   // See if C++-style comments work.
|   // Iterate through items via the restricted pointer.
|   // Also check for declarations in for loops.
|   for (unsigned int i = 0; *(text+i) != '\0'; ++i)
|     continue;
|   return 0;
| }
| 
| // Check varargs and va_copy.
| static void
| test_varargs (const char *format, ...)
| {
|   va_list args;
|   va_start (args, format);
|   va_list args_copy;
|   va_copy (args_copy, args);
| 
|   const char *str;
|   int number;
|   float fnumber;
| 
|   while (*format)
|     {
|       switch (*format++)
| 	{
| 	case 's': // string
| 	  str = va_arg (args_copy, const char *);
| 	  break;
| 	case 'd': // int
| 	  number = va_arg (args_copy, int);
| 	  break;
| 	case 'f': // float
| 	  fnumber = va_arg (args_copy, double);
| 	  break;
| 	default:
| 	  break;
| 	}
|     }
|   va_end (args_copy);
|   va_end (args);
| }
| 
| int
| main ()
| {
| 
|   // Check bool.
|   _Bool success = false;
| 
|   // Check restrict.
|   if (test_restrict ("String literal") == 0)
|     success = true;
|   char *restrict newvar = "Another string";
| 
|   // Check varargs.
|   test_varargs ("s, d' f .", "string", 65, 34.234);
|   test_varargs_macros ();
| 
|   // Check flexible array members.
|   struct incomplete_array *ia =
|     malloc (sizeof (struct incomplete_array) + (sizeof (double) * 10));
|   ia->datasize = 10;
|   for (int i = 0; i < ia->datasize; ++i)
|     ia->data[i] = i * 1.234;
| 
|   // Check named initializers.
|   struct named_init ni = {
|     .number = 34,
|     .name = L"Test wide string",
|     .average = 543.34343,
|   };
| 
|   ni.number = 58;
| 
|   int dynamic_array[ni.number];
|   dynamic_array[ni.number - 1] = 543;
| 
|   // work around unused variable warnings
|   return (!success || bignum == 0LL || ubignum == 0uLL || newvar[0] == 'x'
| 	  || dynamic_array[ni.number - 1] != 543);
| 
|   ;
|   return 0;
| }
configure:16483: result: unsupported
configure:16493: checking for gcc option to accept ISO C89
configure:16570: result: none needed
configure:16589: checking for gcc option to accept ISO Standard C
configure:16600: result: none needed
configure:16802: checking for C++ compiler version
configure:16811: g++ --version >&5
g++ (SUSE Linux) 4.3.4 [gcc-4_3-branch revision 152973]
Copyright (C) 2008 Free Software Foundation, Inc.
This is free software; see the source for copying conditions.  There is NO
warranty; not even for MERCHANTABILITY or FITNESS FOR A PARTICULAR PURPOSE.

configure:16822: $? = 0
configure:16811: g++ -v >&5
Using built-in specs.
Target: x86_64-suse-linux
Configured with: ../configure --prefix=/usr --infodir=/usr/share/info --mandir=/usr/share/man --libdir=/usr/lib64 --libexecdir=/usr/lib64 --enable-languages=c,c++,objc,fortran,obj-c++,java,ada --enable-checking=release --with-gxx-include-dir=/usr/include/c++/4.3 --enable-ssp --disable-libssp --with-bugurl=http://bugs.opensuse.org/ --with-pkgversion='SUSE Linux' --disable-libgcj --disable-libmudflap --with-slibdir=/lib64 --with-system-zlib --enable-__cxa_atexit --enable-libstdcxx-allocator=new --disable-libstdcxx-pch --enable-version-specific-runtime-libs --program-suffix=-4.3 --enable-linux-futex --without-system-libunwind --with-cpu=generic --build=x86_64-suse-linux
Thread model: posix
gcc version 4.3.4 [gcc-4_3-branch revision 152973] (SUSE Linux) 
configure:16822: $? = 0
configure:16811: g++ -V >&5
g++: '-V' option must have argument
configure:16822: $? = 1
configure:16811: g++ -qversion >&5
g++: unrecognized option '-qversion'
g++: no input files
configure:16822: $? = 1
configure:16826: checking whether we are using the GNU C++ compiler
configure:16854: result: yes
configure:16863: checking whether g++ accepts -g
configure:16924: result: yes
configure:16949: checking dependency style of g++
configure:17059: result: gcc3
configure:17186: checking for C compiler version
configure:17195: gcc --version >&5
gcc (SUSE Linux) 4.3.4 [gcc-4_3-branch revision 152973]
Copyright (C) 2008 Free Software Foundation, Inc.
This is free software; see the source for copying conditions.  There is NO
warranty; not even for MERCHANTABILITY or FITNESS FOR A PARTICULAR PURPOSE.

configure:17206: $? = 0
configure:17195: gcc -v >&5
Using built-in specs.
Target: x86_64-suse-linux
Configured with: ../configure --prefix=/usr --infodir=/usr/share/info --mandir=/usr/share/man --libdir=/usr/lib64 --libexecdir=/usr/lib64 --enable-languages=c,c++,objc,fortran,obj-c++,java,ada --enable-checking=release --with-gxx-include-dir=/usr/include/c++/4.3 --enable-ssp --disable-libssp --with-bugurl=http://bugs.opensuse.org/ --with-pkgversion='SUSE Linux' --disable-libgcj --disable-libmudflap --with-slibdir=/lib64 --with-system-zlib --enable-__cxa_atexit --enable-libstdcxx-allocator=new --disable-libstdcxx-pch --enable-version-specific-runtime-libs --program-suffix=-4.3 --enable-linux-futex --without-system-libunwind --with-cpu=generic --build=x86_64-suse-linux
Thread model: posix
gcc version 4.3.4 [gcc-4_3-branch revision 152973] (SUSE Linux) 
configure:17206: $? = 0
configure:17195: gcc -V >&5
gcc: '-V' option must have argument
configure:17206: $? = 1
configure:17195: gcc -qversion >&5
gcc: unrecognized option '-qversion'
gcc: no input files
configure:17206: $? = 1
configure:17210: checking whether we are using the GNU C compiler
configure:17238: result: yes
configure:17247: checking whether gcc accepts -g
configure:17308: result: yes
configure:17325: checking for gcc option to accept ISO C89
configure:17402: result: none needed
configure:17424: checking dependency style of gcc
configure:17534: result: gcc3
configure:17570: checking for ANSI C header files
configure:17674: result: yes
configure:17682: checking whether stat file-mode macros are broken
configure:17709: g++ -c -fPIC -DNDEBUG -DUSE_TINYXML -DTIXML_USE_STL -DC99_OK -O2 -fPIC  conftest.cpp >&5
configure:17709: $? = 0
configure:17716: result: no
configure:17724: checking whether time.h and sys/time.h may both be included
configure:17744: g++ -c -fPIC -DNDEBUG -DUSE_TINYXML -DTIXML_USE_STL -DC99_OK -O2 -fPIC  conftest.cpp >&5
configure:17744: $? = 0
configure:17751: result: yes
configure:17773: checking sys/time.h usability
configure:17773: g++ -c -fPIC -DNDEBUG -DUSE_TINYXML -DTIXML_USE_STL -DC99_OK -O2 -fPIC  conftest.cpp >&5
configure:17773: $? = 0
configure:17773: result: yes
configure:17773: checking sys/time.h presence
configure:17773: g++ -E  conftest.cpp
configure:17773: $? = 0
configure:17773: result: yes
configure:17773: checking for sys/time.h
configure:17773: result: yes
configure:17773: checking for stdlib.h
configure:17773: result: yes
configure:17773: checking algorithm usability
configure:17773: g++ -c -fPIC -DNDEBUG -DUSE_TINYXML -DTIXML_USE_STL -DC99_OK -O2 -fPIC  conftest.cpp >&5
configure:17773: $? = 0
configure:17773: result: yes
configure:17773: checking algorithm presence
configure:17773: g++ -E  conftest.cpp
configure:17773: $? = 0
configure:17773: result: yes
configure:17773: checking for algorithm
configure:17773: result: yes
configure:17773: checking cassert usability
configure:17773: g++ -c -fPIC -DNDEBUG -DUSE_TINYXML -DTIXML_USE_STL -DC99_OK -O2 -fPIC  conftest.cpp >&5
configure:17773: $? = 0
configure:17773: result: yes
configure:17773: checking cassert presence
configure:17773: g++ -E  conftest.cpp
configure:17773: $? = 0
configure:17773: result: yes
configure:17773: checking for cassert
configure:17773: result: yes
configure:17773: checking cmath usability
configure:17773: g++ -c -fPIC -DNDEBUG -DUSE_TINYXML -DTIXML_USE_STL -DC99_OK -O2 -fPIC  conftest.cpp >&5
configure:17773: $? = 0
configure:17773: result: yes
configure:17773: checking cmath presence
configure:17773: g++ -E  conftest.cpp
configure:17773: $? = 0
configure:17773: result: yes
configure:17773: checking for cmath
configure:17773: result: yes
configure:17773: checking complex usability
configure:17773: g++ -c -fPIC -DNDEBUG -DUSE_TINYXML -DTIXML_USE_STL -DC99_OK -O2 -fPIC  conftest.cpp >&5
configure:17773: $? = 0
configure:17773: result: yes
configure:17773: checking complex presence
configure:17773: g++ -E  conftest.cpp
configure:17773: $? = 0
configure:17773: result: yes
configure:17773: checking for complex
configure:17773: result: yes
configure:17773: checking cstring usability
configure:17773: g++ -c -fPIC -DNDEBUG -DUSE_TINYXML -DTIXML_USE_STL -DC99_OK -O2 -fPIC  conftest.cpp >&5
configure:17773: $? = 0
configure:17773: result: yes
configure:17773: checking cstring presence
configure:17773: g++ -E  conftest.cpp
configure:17773: $? = 0
configure:17773: result: yes
configure:17773: checking for cstring
configure:17773: result: yes
configure:17773: checking deque usability
configure:17773: g++ -c -fPIC -DNDEBUG -DUSE_TINYXML -DTIXML_USE_STL -DC99_OK -O2 -fPIC  conftest.cpp >&5
configure:17773: $? = 0
configure:17773: result: yes
configure:17773: checking deque presence
configure:17773: g++ -E  conftest.cpp
configure:17773: $? = 0
configure:17773: result: yes
configure:17773: checking for deque
configure:17773: result: yes
configure:17773: checking fstream usability
configure:17773: g++ -c -fPIC -DNDEBUG -DUSE_TINYXML -DTIXML_USE_STL -DC99_OK -O2 -fPIC  conftest.cpp >&5
configure:17773: $? = 0
configure:17773: result: yes
configure:17773: checking fstream presence
configure:17773: g++ -E  conftest.cpp
configure:17773: $? = 0
configure:17773: result: yes
configure:17773: checking for fstream
configure:17773: result: yes
configure:17773: checking limits usability
configure:17773: g++ -c -fPIC -DNDEBUG -DUSE_TINYXML -DTIXML_USE_STL -DC99_OK -O2 -fPIC  conftest.cpp >&5
configure:17773: $? = 0
configure:17773: result: yes
configure:17773: checking limits presence
configure:17773: g++ -E  conftest.cpp
configure:17773: $? = 0
configure:17773: result: yes
configure:17773: checking for limits
configure:17773: result: yes
configure:17773: checking list usability
configure:17773: g++ -c -fPIC -DNDEBUG -DUSE_TINYXML -DTIXML_USE_STL -DC99_OK -O2 -fPIC  conftest.cpp >&5
configure:17773: $? = 0
configure:17773: result: yes
configure:17773: checking list presence
configure:17773: g++ -E  conftest.cpp
configure:17773: $? = 0
configure:17773: result: yes
configure:17773: checking for list
configure:17773: result: yes
configure:17773: checking queue usability
configure:17773: g++ -c -fPIC -DNDEBUG -DUSE_TINYXML -DTIXML_USE_STL -DC99_OK -O2 -fPIC  conftest.cpp >&5
configure:17773: $? = 0
configure:17773: result: yes
configure:17773: checking queue presence
configure:17773: g++ -E  conftest.cpp
configure:17773: $? = 0
configure:17773: result: yes
configure:17773: checking for queue
configure:17773: result: yes
configure:17786: checking for string
configure:17786: g++ -c -fPIC -DNDEBUG -DUSE_TINYXML -DTIXML_USE_STL -DC99_OK -O2 -fPIC  conftest.cpp >&5
configure:17786: $? = 0
configure:17786: result: yes
configure:17805: checking for zlib.h
configure:17805: g++ -c -fPIC -DNDEBUG -DUSE_TINYXML -DTIXML_USE_STL -DC99_OK -O2 -fPIC  conftest.cpp >&5
configure:17805: $? = 0
configure:17805: result: yes
configure:17836: checking if zlib should be used
configure:17838: result: yes
configure:17842: checking for stdbool.h that conforms to C99
configure:17909: g++ -c -fPIC -DNDEBUG -DUSE_TINYXML -DTIXML_USE_STL -DC99_OK -O2 -fPIC -DHAVE_ZLIB  conftest.cpp >&5
configure:17909: $? = 0
configure:17916: result: yes
configure:17918: checking for _Bool
configure:17918: g++ -c -fPIC -DNDEBUG -DUSE_TINYXML -DTIXML_USE_STL -DC99_OK -O2 -fPIC -DHAVE_ZLIB  conftest.cpp >&5
conftest.cpp: In function 'int main()':
conftest.cpp:80: error: '_Bool' was not declared in this scope
configure:17918: $? = 1
configure: failed program was:
| /* confdefs.h */
| #define PACKAGE_NAME "MTK++"
| #define PACKAGE_TARNAME "MTKpp"
| #define PACKAGE_VERSION "0.2.0"
| #define PACKAGE_STRING "MTK++ 0.2.0"
| #define PACKAGE_BUGREPORT "martin.b.peters@gmail.com"
| #define PACKAGE_URL ""
| #define PACKAGE "MTKpp"
| #define VERSION "0.2.0"
| #define STDC_HEADERS 1
| #define HAVE_SYS_TYPES_H 1
| #define HAVE_SYS_STAT_H 1
| #define HAVE_STDLIB_H 1
| #define HAVE_STRING_H 1
| #define HAVE_MEMORY_H 1
| #define HAVE_STRINGS_H 1
| #define HAVE_INTTYPES_H 1
| #define HAVE_STDINT_H 1
| #define HAVE_UNISTD_H 1
| #define HAVE_DLFCN_H 1
| #define LT_OBJDIR ".libs/"
| #define USE_LOG4CXX 0
| #define USE_TINYXML 1
| #define C99_OK 1
| #define HOST_LINUX 1
| #define STDC_HEADERS 1
| #define TIME_WITH_SYS_TIME 1
| #define HAVE_SYS_TIME_H 1
| #define HAVE_STDLIB_H 1
| #define HAVE_ALGORITHM 1
| #define HAVE_CASSERT 1
| #define HAVE_CMATH 1
| #define HAVE_COMPLEX 1
| #define HAVE_CSTRING 1
| #define HAVE_DEQUE 1
| #define HAVE_FSTREAM 1
| #define HAVE_LIMITS 1
| #define HAVE_LIST 1
| #define HAVE_QUEUE 1
| #define HAVE_STRING 1
| #define HAVE_ZLIB_H 1
| #define HAVE_ZLIB 1
| /* end confdefs.h.  */
| #include <stdio.h>
| #ifdef HAVE_SYS_TYPES_H
| # include <sys/types.h>
| #endif
| #ifdef HAVE_SYS_STAT_H
| # include <sys/stat.h>
| #endif
| #ifdef STDC_HEADERS
| # include <stdlib.h>
| # include <stddef.h>
| #else
| # ifdef HAVE_STDLIB_H
| #  include <stdlib.h>
| # endif
| #endif
| #ifdef HAVE_STRING_H
| # if !defined STDC_HEADERS && defined HAVE_MEMORY_H
| #  include <memory.h>
| # endif
| # include <string.h>
| #endif
| #ifdef HAVE_STRINGS_H
| # include <strings.h>
| #endif
| #ifdef HAVE_INTTYPES_H
| # include <inttypes.h>
| #endif
| #ifdef HAVE_STDINT_H
| # include <stdint.h>
| #endif
| #ifdef HAVE_UNISTD_H
| # include <unistd.h>
| #endif
| int
| main ()
| {
| if (sizeof (_Bool))
| 	 return 0;
|   ;
|   return 0;
| }
configure:17918: result: no
configure:17934: checking for an ANSI C-conforming const
configure:17999: g++ -c -fPIC -DNDEBUG -DUSE_TINYXML -DTIXML_USE_STL -DC99_OK -O2 -fPIC -DHAVE_ZLIB  conftest.cpp >&5
configure:17999: $? = 0
configure:18006: result: yes
configure:18014: checking for inline
configure:18030: g++ -c -fPIC -DNDEBUG -DUSE_TINYXML -DTIXML_USE_STL -DC99_OK -O2 -fPIC -DHAVE_ZLIB  conftest.cpp >&5
configure:18030: $? = 0
configure:18038: result: inline
configure:18095: checking for working strtod
configure:18136: g++ -o conftest -fPIC -DNDEBUG -DUSE_TINYXML -DTIXML_USE_STL -DC99_OK -O2 -fPIC -DHAVE_ZLIB   conftest.cpp  >&5
conftest.cpp: In function 'int main()':
conftest.cpp:87: warning: deprecated conversion from string constant to 'char*'
conftest.cpp:98: warning: deprecated conversion from string constant to 'char*'
configure:18136: $? = 0
configure:18136: ./conftest
configure:18136: $? = 0
configure:18146: result: yes
configure:18211: checking for pow
configure:18211: g++ -o conftest -fPIC -DNDEBUG -DUSE_TINYXML -DTIXML_USE_STL -DC99_OK -O2 -fPIC -DHAVE_ZLIB   conftest.cpp  >&5
configure:18211: $? = 0
configure:18211: result: yes
configure:18211: checking for sqrt
configure:18211: g++ -o conftest -fPIC -DNDEBUG -DUSE_TINYXML -DTIXML_USE_STL -DC99_OK -O2 -fPIC -DHAVE_ZLIB   conftest.cpp  >&5
configure:18211: $? = 0
configure:18211: result: yes
configure:18408: creating ./config.status

## ---------------------- ##
## Running config.status. ##
## ---------------------- ##

This file was extended by MTK++ config.status 0.2.0, which was
generated by GNU Autoconf 2.68.  Invocation command line was

  CONFIG_FILES    = 
  CONFIG_HEADERS  = 
  CONFIG_LINKS    = 
  CONFIG_COMMANDS = 
  $ ./config.status 

on picasso

config.status:1235: creating Makefile
config.status:1235: creating src/Makefile
config.status:1235: creating src/Log/Makefile
config.status:1235: creating src/tinyxml/Makefile
config.status:1235: creating src/Diagnostics/Makefile
config.status:1235: creating src/Statistics/Makefile
config.status:1235: creating src/Molecule/Makefile
config.status:1235: creating src/Parsers/Makefile
config.status:1235: creating src/MM/Makefile
config.status:1235: creating src/GA/Makefile
config.status:1235: creating src/Minimizers/Makefile
config.status:1235: creating src/Graph/Makefile
config.status:1235: creating src/Utils/Makefile
config.status:1235: creating tests/Makefile
config.status:1235: creating tools/Makefile
config.status:1235: creating config.h
config.status:1464: executing depfiles commands
config.status:1464: executing libtool commands

## ---------------- ##
## Cache variables. ##
## ---------------- ##

ac_cv_build=x86_64-unknown-linux-gnu
ac_cv_c_compiler_gnu=yes
ac_cv_c_const=yes
ac_cv_c_inline=inline
ac_cv_cxx_compiler_gnu=yes
ac_cv_env_CCC_set=
ac_cv_env_CCC_value=
ac_cv_env_CC_set=set
ac_cv_env_CC_value=gcc
ac_cv_env_CFLAGS_set=set
ac_cv_env_CFLAGS_value='-fPIC -D_FILE_OFFSET_BITS=64 -D_LARGEFILE_SOURCE -DBINTRAJ -DHASGZ -DHASBZ2'
ac_cv_env_CPPFLAGS_set=
ac_cv_env_CPPFLAGS_value=
ac_cv_env_CPP_set=
ac_cv_env_CPP_value=
ac_cv_env_CXXCPP_set=
ac_cv_env_CXXCPP_value=
ac_cv_env_CXXFLAGS_set=set
ac_cv_env_CXXFLAGS_value=-fPIC
ac_cv_env_CXX_set=set
ac_cv_env_CXX_value=g++
ac_cv_env_LDFLAGS_set=
ac_cv_env_LDFLAGS_value=
ac_cv_env_LIBS_set=
ac_cv_env_LIBS_value=
ac_cv_env_XMKMF_set=
ac_cv_env_XMKMF_value=
ac_cv_env_build_alias_set=
ac_cv_env_build_alias_value=
ac_cv_env_host_alias_set=
ac_cv_env_host_alias_value=
ac_cv_env_target_alias_set=
ac_cv_env_target_alias_value=
ac_cv_func_pow=yes
ac_cv_func_sqrt=yes
ac_cv_func_strtod=yes
ac_cv_have_x='have_x=yes	ac_x_includes='\'''\''	ac_x_libraries='\'''\'''
ac_cv_header_algorithm=yes
ac_cv_header_cassert=yes
ac_cv_header_cmath=yes
ac_cv_header_complex=yes
ac_cv_header_cstring=yes
ac_cv_header_deque=yes
ac_cv_header_dlfcn_h=yes
ac_cv_header_fstream=yes
ac_cv_header_inttypes_h=yes
ac_cv_header_limits=yes
ac_cv_header_list=yes
ac_cv_header_memory_h=yes
ac_cv_header_queue=yes
ac_cv_header_stat_broken=no
ac_cv_header_stdbool_h=yes
ac_cv_header_stdc=yes
ac_cv_header_stdint_h=yes
ac_cv_header_stdlib_h=yes
ac_cv_header_string=yes
ac_cv_header_string_h=yes
ac_cv_header_strings_h=yes
ac_cv_header_sys_stat_h=yes
ac_cv_header_sys_time_h=yes
ac_cv_header_sys_types_h=yes
ac_cv_header_time=yes
ac_cv_header_unistd_h=yes
ac_cv_header_zlib_h=yes
ac_cv_host=x86_64-unknown-linux-gnu
ac_cv_objext=o
ac_cv_path_EGREP='/usr/bin/grep -E'
ac_cv_path_FGREP='/usr/bin/grep -F'
ac_cv_path_GREP=/usr/bin/grep
ac_cv_path_PYTHON=/mnt/home/soft/python/programs/x86_64/bin/python
ac_cv_path_SED=/usr/bin/sed
ac_cv_path_install='/usr/bin/install -c'
ac_cv_path_mkdir=/bin/mkdir
ac_cv_prog_AWK=gawk
ac_cv_prog_CPP='gcc -E'
ac_cv_prog_CXXCPP='g++ -E'
ac_cv_prog_ac_ct_AR=ar
ac_cv_prog_ac_ct_CC=gcc
ac_cv_prog_ac_ct_MANIFEST_TOOL=mt
ac_cv_prog_ac_ct_OBJDUMP=objdump
ac_cv_prog_ac_ct_RANLIB=ranlib
ac_cv_prog_ac_ct_STRIP=strip
ac_cv_prog_cc_c89=
ac_cv_prog_cc_c99=no
ac_cv_prog_cc_g=yes
ac_cv_prog_cc_stdc=
ac_cv_prog_cxx_g=yes
ac_cv_prog_diff_ok=yes
ac_cv_prog_dot_ok=yes
ac_cv_prog_doxygen_ok=no
ac_cv_prog_dvips_ok=no
ac_cv_prog_gs_ok=yes
ac_cv_prog_latex_ok=no
ac_cv_prog_make_make_set=yes
ac_cv_type__Bool=no
am_cv_CC_dependencies_compiler_type=gcc3
am_cv_CXX_dependencies_compiler_type=gcc3
lt_cv_ar_at_file=@
lt_cv_deplibs_check_method=pass_all
lt_cv_file_magic_cmd='$MAGIC_CMD'
lt_cv_file_magic_test_file=
lt_cv_ld_reload_flag=-r
lt_cv_nm_interface='BSD nm'
lt_cv_objdir=.libs
lt_cv_path_LD=/usr/x86_64-suse-linux/bin/ld
lt_cv_path_LDCXX='/usr/x86_64-suse-linux/bin/ld -m elf_x86_64'
lt_cv_path_NM='/usr/bin/nm -B'
lt_cv_path_mainfest_tool=no
lt_cv_prog_compiler_c_o=yes
lt_cv_prog_compiler_c_o_CXX=yes
lt_cv_prog_compiler_pic='-fPIC -DPIC'
lt_cv_prog_compiler_pic_CXX='-fPIC -DPIC'
lt_cv_prog_compiler_pic_works=yes
lt_cv_prog_compiler_pic_works_CXX=yes
lt_cv_prog_compiler_rtti_exceptions=no
lt_cv_prog_compiler_static_works=yes
lt_cv_prog_compiler_static_works_CXX=yes
lt_cv_prog_gnu_ld=yes
lt_cv_prog_gnu_ldcxx=yes
lt_cv_sharedlib_from_linklib_cmd='printf %s\n'
lt_cv_shlibpath_overrides_runpath=yes
lt_cv_sys_global_symbol_pipe='sed -n -e '\''s/^.*[	 ]\([ABCDGIRSTW][ABCDGIRSTW]*\)[	 ][	 ]*\([_A-Za-z][_A-Za-z0-9]*\)$/\1 \2 \2/p'\'' | sed '\''/ __gnu_lto/d'\'''
lt_cv_sys_global_symbol_to_c_name_address='sed -n -e '\''s/^: \([^ ]*\)[ ]*$/  {\"\1\", (void *) 0},/p'\'' -e '\''s/^[ABCDGIRSTW]* \([^ ]*\) \([^ ]*\)$/  {"\2", (void *) \&\2},/p'\'''
lt_cv_sys_global_symbol_to_c_name_address_lib_prefix='sed -n -e '\''s/^: \([^ ]*\)[ ]*$/  {\"\1\", (void *) 0},/p'\'' -e '\''s/^[ABCDGIRSTW]* \([^ ]*\) \(lib[^ ]*\)$/  {"\2", (void *) \&\2},/p'\'' -e '\''s/^[ABCDGIRSTW]* \([^ ]*\) \([^ ]*\)$/  {"lib\2", (void *) \&\2},/p'\'''
lt_cv_sys_global_symbol_to_cdecl='sed -n -e '\''s/^T .* \(.*\)$/extern int \1();/p'\'' -e '\''s/^[ABCDGIRSTW]* .* \(.*\)$/extern char \1;/p'\'''
lt_cv_sys_max_cmd_len=1920000
lt_cv_to_host_file_cmd=func_convert_file_noop
lt_cv_to_tool_file_cmd=func_convert_file_noop

## ----------------- ##
## Output variables. ##
## ----------------- ##

ACLOCAL='${SHELL} /mnt/home/users/ac_001_um/jorgedlpg/gromacs/amber14/AmberTools/src/mtkpp/missing --run aclocal-1.11'
AMDEPBACKSLASH='\'
AMDEP_FALSE='#'
AMDEP_TRUE=''
AMTAR='${SHELL} /mnt/home/users/ac_001_um/jorgedlpg/gromacs/amber14/AmberTools/src/mtkpp/missing --run tar'
AR='ar'
AUTOCONF='${SHELL} /mnt/home/users/ac_001_um/jorgedlpg/gromacs/amber14/AmberTools/src/mtkpp/missing --run autoconf'
AUTOHEADER='${SHELL} /mnt/home/users/ac_001_um/jorgedlpg/gromacs/amber14/AmberTools/src/mtkpp/missing --run autoheader'
AUTOMAKE='${SHELL} /mnt/home/users/ac_001_um/jorgedlpg/gromacs/amber14/AmberTools/src/mtkpp/missing --run automake-1.11'
AWK='gawk'
CC='gcc'
CCDEPMODE='depmode=gcc3'
CFLAGS='-O2 -fPIC -DHAVE_ZLIB'
CPP='gcc -E'
CPPFLAGS=''
CXX='g++'
CXXCPP='g++ -E'
CXXDEPMODE='depmode=gcc3'
CXXFLAGS='-fPIC -DNDEBUG -DUSE_TINYXML -DTIXML_USE_STL -DC99_OK -O2 -fPIC -DHAVE_ZLIB'
CXXLD='$(CXX)'
CYGPATH_W='echo'
DARWIN_ACCEL_FALSE=''
DARWIN_ACCEL_TRUE='#'
DEFS='-DHAVE_CONFIG_H'
DEPDIR='.deps'
DIFFTOOL_FALSE='#'
DIFFTOOL_TRUE=''
DLLTOOL='false'
DOC_ON_FALSE=''
DOC_ON_TRUE='#'
DSYMUTIL=''
DUMPBIN=''
ECHO_C=''
ECHO_N='-n'
ECHO_T=''
EGREP='/usr/bin/grep -E'
EXEEXT=''
FGREP='/usr/bin/grep -F'
FLIBS=' -lz'
GOT_DOT_FALSE='#'
GOT_DOT_TRUE=''
GREP='/usr/bin/grep'
INSTALL_DATA='${INSTALL} -m 644'
INSTALL_PROGRAM='${INSTALL}'
INSTALL_SCRIPT='${INSTALL}'
INSTALL_STRIP_PROGRAM='$(install_sh) -c -s'
IS_DARWIN_FALSE=''
IS_DARWIN_TRUE='#'
IS_LINUX_FALSE='#'
IS_LINUX_TRUE=''
LD='/usr/x86_64-suse-linux/bin/ld -m elf_x86_64'
LDFLAGS=''
LIBDIR=''
LIBOBJS=''
LIBS=''
LIBTOOL='$(SHELL) $(top_builddir)/libtool'
LIBTOOL_DEPS='./ltmain.sh'
LIPO=''
LN_S='ln -s'
LTLIBOBJS=''
MAINT='#'
MAINTAINER_MODE_FALSE=''
MAINTAINER_MODE_TRUE='#'
MAKEINFO='${SHELL} /mnt/home/users/ac_001_um/jorgedlpg/gromacs/amber14/AmberTools/src/mtkpp/missing --run makeinfo'
MANIFEST_TOOL=':'
MKDIR_P='/bin/mkdir -p'
MOC=''
NM='/usr/bin/nm -B'
NMEDIT=''
OBJDUMP='objdump'
OBJEXT='o'
OTOOL64=''
OTOOL=''
PACKAGE='MTKpp'
PACKAGE_BUGREPORT='martin.b.peters@gmail.com'
PACKAGE_NAME='MTK++'
PACKAGE_STRING='MTK++ 0.2.0'
PACKAGE_TARNAME='MTKpp'
PACKAGE_URL=''
PACKAGE_VERSION='0.2.0'
PATH_SEPARATOR=':'
POW_LIB=''
PYTHON='/mnt/home/soft/python/programs/x86_64/bin/python'
QT_CXXFLAGS=''
QT_DEFINES=''
QT_INCPATH=''
QT_LIBS=''
RANLIB='ranlib'
SED='/usr/bin/sed'
SET_MAKE=''
SHELL='/bin/sh'
STRIP='strip'
SWIG=''
UIC=''
USE_LOG4CXX_FALSE=''
USE_LOG4CXX_TRUE='#'
USE_QT_FALSE=''
USE_QT_TRUE='#'
USE_XERCES_FALSE=''
USE_XERCES_TRUE='#'
VERSION='0.2.0'
XMKMF=''
ac_ct_AR='ar'
ac_ct_CC='gcc'
ac_ct_CXX=''
ac_ct_DUMPBIN=''
am__EXEEXT_FALSE=''
am__EXEEXT_TRUE='#'
am__fastdepCC_FALSE='#'
am__fastdepCC_TRUE=''
am__fastdepCXX_FALSE='#'
am__fastdepCXX_TRUE=''
am__include='include'
am__isrc=''
am__leading_dot='.'
am__quote=''
am__tar='${AMTAR} chof - "$$tardir"'
am__untar='${AMTAR} xf -'
bindir='${exec_prefix}/bin'
boost_inc='/mnt/home/users/ac_001_um/jorgedlpg/gromacs/amber14/AmberTools/src/boost-1.38.0'
build='x86_64-unknown-linux-gnu'
build_alias=''
build_cpu='x86_64'
build_os='linux-gnu'
build_vendor='unknown'
datadir='${datarootdir}'
datarootdir='${prefix}/share'
defines_string=' -DUSE_TINYXML -DTIXML_USE_STL-DC99_OK  -DLINUX  -DHAVE_ZLIB'
diff_ok='yes'
docdir='/mnt/home/users/ac_001_um/jorgedlpg/gromacs/amber14/doc'
dot_ok='yes'
doxygen_ok='no'
dvidir='${docdir}'
dvips_ok='no'
exec_prefix='${prefix}'
gs_ok='yes'
host='x86_64-unknown-linux-gnu'
host_alias=''
host_cpu='x86_64'
host_os='linux-gnu'
host_vendor='unknown'
htmldir='${docdir}'
includedir='/mnt/home/users/ac_001_um/jorgedlpg/gromacs/amber14/include/mtkpp'
infodir='${datarootdir}/info'
install_sh='${SHELL} /mnt/home/users/ac_001_um/jorgedlpg/gromacs/amber14/AmberTools/src/mtkpp/install-sh'
latex_ok='no'
libdir='${exec_prefix}/lib'
libexecdir='${exec_prefix}/libexec'
localedir='${datarootdir}/locale'
localstatedir='${prefix}/var'
log4cxx_inc=''
mandir='${datarootdir}/man'
mkdir_p='/bin/mkdir -p'
oldincludedir='/usr/include'
pdfdir='${docdir}'
platform='LINUX'
prefix='/mnt/home/users/ac_001_um/jorgedlpg/gromacs/amber14'
program_transform_name='s,x,x,'
psdir='${docdir}'
sbindir='${exec_prefix}/sbin'
sharedstatedir='${prefix}/com'
sysconfdir='${prefix}/etc'
target_alias=''
xerces_path=''

## ----------- ##
## confdefs.h. ##
## ----------- ##

/* confdefs.h */
#define PACKAGE_NAME "MTK++"
#define PACKAGE_TARNAME "MTKpp"
#define PACKAGE_VERSION "0.2.0"
#define PACKAGE_STRING "MTK++ 0.2.0"
#define PACKAGE_BUGREPORT "martin.b.peters@gmail.com"
#define PACKAGE_URL ""
#define PACKAGE "MTKpp"
#define VERSION "0.2.0"
#define STDC_HEADERS 1
#define HAVE_SYS_TYPES_H 1
#define HAVE_SYS_STAT_H 1
#define HAVE_STDLIB_H 1
#define HAVE_STRING_H 1
#define HAVE_MEMORY_H 1
#define HAVE_STRINGS_H 1
#define HAVE_INTTYPES_H 1
#define HAVE_STDINT_H 1
#define HAVE_UNISTD_H 1
#define HAVE_DLFCN_H 1
#define LT_OBJDIR ".libs/"
#define USE_LOG4CXX 0
#define USE_TINYXML 1
#define C99_OK 1
#define HOST_LINUX 1
#define STDC_HEADERS 1
#define TIME_WITH_SYS_TIME 1
#define HAVE_SYS_TIME_H 1
#define HAVE_STDLIB_H 1
#define HAVE_ALGORITHM 1
#define HAVE_CASSERT 1
#define HAVE_CMATH 1
#define HAVE_COMPLEX 1
#define HAVE_CSTRING 1
#define HAVE_DEQUE 1
#define HAVE_FSTREAM 1
#define HAVE_LIMITS 1
#define HAVE_LIST 1
#define HAVE_QUEUE 1
#define HAVE_STRING 1
#define HAVE_ZLIB_H 1
#define HAVE_ZLIB 1
#define HAVE_STDBOOL_H 1
#define HAVE_POW 1
#define HAVE_SQRT 1

configure: exit 0
